<?xml version="1.0" encoding="UTF-8"?>
<!-- Generated by org.testng.reporters.JUnitXMLReporter -->
<testsuite ignored="0" hostname="DESKTOP-ERMO56R" failures="1" tests="3" name="Wild Cart Login Testing -" time="26.051" errors="0" timestamp="14 Aug 2021 01:49:02 GMT">
  <testcase classname="com.qa.wildcart.test.LoginPageTest" name="verifySignUpLinkTest" time="11.192">
    <failure type="java.lang.AssertionError" message="expected [true] but found [false]">
      <![CDATA[java.lang.AssertionError: expected [true] but found [false]
at com.qa.wildcart.test.LoginPageTest.verifySignUpLinkTest(LoginPageTest.java:34)
... Removed 31 stack frames]]>
    </failure>
  </testcase> <!-- verifySignUpLinkTest -->
  <testcase classname="com.qa.wildcart.test.LoginPageTest" name="verifyPageTitle" time="0.017"/>
  <testcase classname="com.qa.wildcart.test.LoginPageTest" name="loginTest" time="2.041"/>
</testsuite> <!-- Wild Cart Login Testing - -->
